[debug] [2018-03-24T17:59:48.670Z] ----------------------------------------------------------------------
[debug] [2018-03-24T17:59:48.673Z] Command:       /usr/local/bin/node /usr/local/bin/firebase deploy
[debug] [2018-03-24T17:59:48.674Z] CLI Version:   3.13.1
[debug] [2018-03-24T17:59:48.674Z] Platform:      darwin
[debug] [2018-03-24T17:59:48.674Z] Node Version:  v9.9.0
[debug] [2018-03-24T17:59:48.674Z] Time:          Sat Mar 24 2018 19:59:48 GMT+0200 (EET)
[debug] [2018-03-24T17:59:48.674Z] ----------------------------------------------------------------------
[debug] 
[debug] [2018-03-24T17:59:48.699Z] > command requires scopes: ["email","openid","https://www.googleapis.com/auth/cloudplatformprojects.readonly","https://www.googleapis.com/auth/firebase","https://www.googleapis.com/auth/cloud-platform"]
[debug] [2018-03-24T17:59:48.699Z] > authorizing via signed-in user
[debug] [2018-03-24T17:59:48.701Z] > refreshing access token with scopes: ["email","https://www.googleapis.com/auth/cloud-platform","https://www.googleapis.com/auth/cloudplatformprojects.readonly","https://www.googleapis.com/auth/firebase","openid"]
[debug] [2018-03-24T17:59:48.701Z] >>> HTTP REQUEST POST https://www.googleapis.com/oauth2/v3/token { refresh_token: '1/Tdha2S6j_7GqmouE4ldBEpQ7va3f2XfY2wBMeN7fFTA',
  client_id: '563584335869-fgrhgmd47bqnekij5i8b5pr03ho849e6.apps.googleusercontent.com',
  client_secret: 'j9iVZfS8kkCEFUPaAeJV0sAi',
  grant_type: 'refresh_token',
  scope: 'email https://www.googleapis.com/auth/cloud-platform https://www.googleapis.com/auth/cloudplatformprojects.readonly https://www.googleapis.com/auth/firebase openid' } 
 Sat Mar 24 2018 19:59:48 GMT+0200 (EET)
[debug] [2018-03-24T17:59:48.871Z] <<< HTTP RESPONSE 200
[debug] [2018-03-24T17:59:48.890Z] >>> HTTP REQUEST GET https://admin.firebase.com/v1/projects/science-support  
 Sat Mar 24 2018 19:59:48 GMT+0200 (EET)
[debug] [2018-03-24T17:59:49.659Z] <<< HTTP RESPONSE 200
[debug] [2018-03-24T17:59:49.661Z] >>> HTTP REQUEST GET https://admin.firebase.com/v1/database/science-support/tokens  
 Sat Mar 24 2018 19:59:49 GMT+0200 (EET)
[debug] [2018-03-24T17:59:50.526Z] <<< HTTP RESPONSE 200
[info] 2
[info] 
[info] === Deploying to 'science-support'...
[info] 
[info] i  deploying database, hosting
[info] i  database: checking rules syntax...
[debug] [2018-03-24T17:59:51.293Z] >>> HTTP REQUEST PUT https://science-support.firebaseio.com/.settings/rules.json?dryRun=true {
  "rules": {
    "subscribers": {
      ".read": false,
      ".write": true
    },
    "users": {
      ".read": false,
      ".write": "auth != null"
    }
  }
}
 
 Sat Mar 24 2018 19:59:51 GMT+0200 (EET)
